[debug] [2022-01-10T13:43:38.689Z] ----------------------------------------------------------------------
[debug] [2022-01-10T13:43:38.691Z] Command:       C:\Program Files\nodejs\node.exe C:\Users\teeru\AppData\Roaming\npm\node_modules\firebase-tools\lib\bin\firebase.js init
[debug] [2022-01-10T13:43:38.692Z] CLI Version:   10.0.1
[debug] [2022-01-10T13:43:38.692Z] Platform:      win32
[debug] [2022-01-10T13:43:38.692Z] Node Version:  v16.10.0
[debug] [2022-01-10T13:43:38.693Z] Time:          Mon Jan 10 2022 20:43:38 GMT+0700 (เวลาอินโดจีน)
[debug] [2022-01-10T13:43:38.693Z] ----------------------------------------------------------------------
[debug] 
[debug] [2022-01-10T13:43:38.695Z] >>> [apiv2][query] GET https://firebase-public.firebaseio.com/cli.json [none]
[debug] [2022-01-10T13:43:38.717Z] > command requires scopes: ["email","openid","https://www.googleapis.com/auth/cloudplatformprojects.readonly","https://www.googleapis.com/auth/firebase","https://www.googleapis.com/auth/cloud-platform"]
[debug] [2022-01-10T13:43:38.717Z] > authorizing via signed-in user (sudy2517@gmail.com)
[info] 
     ######## #### ########  ######## ########     ###     ######  ########
     ##        ##  ##     ## ##       ##     ##  ##   ##  ##       ##
     ######    ##  ########  ######   ########  #########  ######  ######
     ##        ##  ##    ##  ##       ##     ## ##     ##       ## ##
     ##       #### ##     ## ######## ########  ##     ##  ######  ########

You're about to initialize a Firebase project in this directory:

  C:\Users\teeru\Downloads\Javascript\bmi

[debug] [2022-01-10T13:43:39.454Z] <<< [apiv2][status] GET https://firebase-public.firebaseio.com/cli.json 200
[debug] [2022-01-10T13:43:39.454Z] <<< [apiv2][body] GET https://firebase-public.firebaseio.com/cli.json {"cloudBuildErrorAfter":1594252800000,"cloudBuildWarnAfter":1590019200000,"defaultNode10After":1594252800000,"minVersion":"3.0.5","node8DeploysDisabledAfter":1613390400000,"node8RuntimeDisabledAfter":1615809600000,"node8WarnAfter":1600128000000}
[info] 
=== Project Setup
[info] 
[info] First, let's associate this project directory with a Firebase project.
[info] You can create multiple project aliases by running firebase use --add, 
[info] but for now we'll just set up a default project.
[info] 
[info] i  If you want to create a project in a Google Cloud organization or folder, please use "firebase projects:create" instead, and return to this command when you've created the project. 
